<?xml version="1.0" encoding="UTF-8"?>
<robot generator="Robot 7.0 (Python 3.12.3 on win32)" generated="2024-05-23T16:19:10.436661" rpa="false" schemaversion="5">
<suite id="s1" name="Api Server Usuarios" source="d:\R DEV\QA\RobotFramework\ApiServer\tests\api_server_usuarios.robot">
<test id="s1-t1" name="Cenário 03: Consultar os dados de um novo usuário" line="21">
<kw name="Criar um novo usuário" owner="api_server_usuarios">
<kw name="Generate Random String" owner="String">
<msg time="2024-05-23T16:19:11.187723" level="INFO">${palavra_aleatoria} = RKHH</msg>
<var>${palavra_aleatoria}</var>
<arg>length=4</arg>
<arg>chars=[LETTERS]</arg>
<doc>Generates a string with a desired ``length`` from the given ``chars``.</doc>
<status status="PASS" start="2024-05-23T16:19:11.186723" elapsed="0.005000"/>
</kw>
<kw name="Set Test Variable" owner="BuiltIn">
<msg time="2024-05-23T16:19:11.193725" level="INFO">${EMAIL_TESTE} = RKHH@qa.com.br</msg>
<arg>${EMAIL_TESTE}</arg>
<arg>${palavra_aleatoria}@qa.com.br</arg>
<doc>Makes a variable available everywhere within the scope of the current test.</doc>
<status status="PASS" start="2024-05-23T16:19:11.191723" elapsed="0.003000"/>
</kw>
<kw name="Log" owner="BuiltIn">
<msg time="2024-05-23T16:19:11.195724" level="INFO">RKHH@qa.com.br</msg>
<arg>${EMAIL_TESTE}</arg>
<doc>Logs the given message with the given level.</doc>
<status status="PASS" start="2024-05-23T16:19:11.194723" elapsed="0.001001"/>
</kw>
<status status="PASS" start="2024-05-23T16:19:11.184722" elapsed="0.012001"/>
</kw>
<kw name="Cadastrar o usuário criado na ServeRest" owner="api_server_usuarios">
<kw name="Create Dictionary" owner="BuiltIn">
<msg time="2024-05-23T16:19:11.200725" level="INFO">${body} = {'nome': 'Fulano da Silva', 'email': 'RKHH@qa.com.br', 'password': '1234', 'administrador': 'true'}</msg>
<var>${body}</var>
<arg>nome=Fulano da Silva</arg>
<arg>email=${email}</arg>
<arg>password=1234</arg>
<arg>administrador=true</arg>
<doc>Creates and returns a dictionary based on the given ``items``.</doc>
<status status="PASS" start="2024-05-23T16:19:11.199724" elapsed="0.001001"/>
</kw>
<kw name="Log" owner="BuiltIn">
<msg time="2024-05-23T16:19:11.201723" level="INFO">{'nome': 'Fulano da Silva', 'email': 'RKHH@qa.com.br', 'password': '1234', 'administrador': 'true'}</msg>
<arg>${body}</arg>
<doc>Logs the given message with the given level.</doc>
<status status="PASS" start="2024-05-23T16:19:11.201723" elapsed="0.000000"/>
</kw>
<kw name="Criar Sessão na ServeRest" owner="api_server_usuarios">
<kw name="Create Dictionary" owner="BuiltIn">
<msg time="2024-05-23T16:19:11.204723" level="INFO">${headers} = {'accept': 'application/json', 'Content-Type': 'application/json'}</msg>
<var>${headers}</var>
<arg>accept=application/json</arg>
<arg>Content-Type=application/json</arg>
<doc>Creates and returns a dictionary based on the given ``items``.</doc>
<status status="PASS" start="2024-05-23T16:19:11.203725" elapsed="0.000998"/>
</kw>
<kw name="Create Session" owner="RequestsLibrary">
<msg time="2024-05-23T16:19:11.205724" level="INFO">Creating Session using : alias=ServeRest, url=https://serverest.dev, headers={'accept': 'application/json', 'Content-Type': 'application/json'},                     cookies={}, auth=None, timeout=None, proxies=None, verify=False,                     debug=0 </msg>
<arg>alias=ServeRest</arg>
<arg>url=https://serverest.dev</arg>
<arg>headers=${headers}</arg>
<doc>Create Session: create a HTTP session to a server</doc>
<status status="PASS" start="2024-05-23T16:19:11.204723" elapsed="0.003001"/>
</kw>
<status status="PASS" start="2024-05-23T16:19:11.202724" elapsed="0.005000"/>
</kw>
<kw name="POST On Session" owner="RequestsLibrary">
<msg time="2024-05-23T16:19:11.644760" level="INFO">POST Request : url=https://serverest.dev/usuarios 
 path_url=/usuarios 
 headers={'User-Agent': 'python-requests/2.32.2', 'Accept-Encoding': 'gzip, deflate', 'accept': 'application/json', 'Connection': 'keep-alive', 'Content-Type': 'application/json', 'Content-Length': '99'} 
 body=b'{"nome": "Fulano da Silva", "email": "RKHH@qa.com.br", "password": "1234", "administrador": "true"}' 
 </msg>
<msg time="2024-05-23T16:19:11.644760" level="INFO">POST Response : url=https://serverest.dev/usuarios 
 status=201, reason=Created 
 headers={'access-control-allow-origin': '*', 'x-dns-prefetch-control': 'off', 'x-frame-options': 'SAMEORIGIN', 'strict-transport-security': 'max-age=15552000; includeSubDomains', 'x-download-options': 'noopen', 'x-content-type-options': 'nosniff', 'x-xss-protection': '1; mode=block', 'content-type': 'application/json; charset=utf-8', 'X-Cloud-Trace-Context': '863303bc2fd6a7b32b8cf7f3f9169bc1;o=1', 'Date': 'Thu, 23 May 2024 19:19:36 GMT', 'Server': 'Google Frontend', 'Content-Length': '82'} 
 body={
    "message": "Cadastro realizado com sucesso",
    "_id": "cY2DGJyrqb6Q03Ij"
} 
 </msg>
<msg time="2024-05-23T16:19:11.644760" level="INFO">C:\Users\rodri\AppData\Local\Programs\Python\Python312\Lib\site-packages\urllib3\connectionpool.py:1103: InsecureRequestWarning: Unverified HTTPS request is being made to host 'serverest.dev'. Adding certificate verification is strongly advised. See: https://urllib3.readthedocs.io/en/latest/advanced-usage.html#tls-warnings
  warnings.warn(</msg>
<msg time="2024-05-23T16:19:11.646761" level="INFO">${resposta} = &lt;Response [201]&gt;</msg>
<var>${resposta}</var>
<arg>alias=ServeRest</arg>
<arg>url=/usuarios</arg>
<arg>json=${body}</arg>
<arg>expected_status=${status_code_desejado}</arg>
<doc>Sends a POST request on a previously created HTTP Session.</doc>
<status status="PASS" start="2024-05-23T16:19:11.208725" elapsed="0.438036"/>
</kw>
<kw name="Log" owner="BuiltIn">
<msg time="2024-05-23T16:19:11.647760" level="INFO">{'message': 'Cadastro realizado com sucesso', '_id': 'cY2DGJyrqb6Q03Ij'}</msg>
<arg>${resposta.json()}</arg>
<doc>Logs the given message with the given level.</doc>
<status status="PASS" start="2024-05-23T16:19:11.646761" elapsed="0.001999"/>
</kw>
<if>
<branch type="IF" condition="${resposta.status_code} == 201">
<kw name="Set Test Variable" owner="BuiltIn">
<msg time="2024-05-23T16:19:11.651760" level="INFO">${ID_USUARIO} = cY2DGJyrqb6Q03Ij</msg>
<arg>${ID_USUARIO}</arg>
<arg>${resposta.json()["_id"]}</arg>
<doc>Makes a variable available everywhere within the scope of the current test.</doc>
<status status="PASS" start="2024-05-23T16:19:11.649761" elapsed="0.002999"/>
</kw>
<status status="PASS" start="2024-05-23T16:19:11.648760" elapsed="0.004000"/>
</branch>
<status status="PASS" start="2024-05-23T16:19:11.648760" elapsed="0.004000"/>
</if>
<kw name="Set Test Variable" owner="BuiltIn">
<msg time="2024-05-23T16:19:11.654761" level="INFO">${RESPOSTA} = {'message': 'Cadastro realizado com sucesso', '_id': 'cY2DGJyrqb6Q03Ij'}</msg>
<arg>${RESPOSTA}</arg>
<arg>${resposta.json()}</arg>
<doc>Makes a variable available everywhere within the scope of the current test.</doc>
<status status="PASS" start="2024-05-23T16:19:11.653762" elapsed="0.000999"/>
</kw>
<arg>email=${EMAIL_TESTE}</arg>
<arg>status_code_desejado=201</arg>
<status status="PASS" start="2024-05-23T16:19:11.197723" elapsed="0.457038"/>
</kw>
<kw name="Consultar os dados do novo usuário" owner="api_server_usuarios">
<kw name="GET On Session" owner="RequestsLibrary">
<msg time="2024-05-23T16:19:11.808773" level="INFO">GET Request : url=https://serverest.dev/usuarios/cY2DGJyrqb6Q03Ij 
 path_url=/usuarios/cY2DGJyrqb6Q03Ij 
 headers={'User-Agent': 'python-requests/2.32.2', 'Accept-Encoding': 'gzip, deflate', 'accept': 'application/json', 'Connection': 'keep-alive', 'Content-Type': 'application/json'} 
 body=None 
 </msg>
<msg time="2024-05-23T16:19:11.808773" level="INFO">GET Response : url=https://serverest.dev/usuarios/cY2DGJyrqb6Q03Ij 
 status=200, reason=OK 
 headers={'access-control-allow-origin': '*', 'x-dns-prefetch-control': 'off', 'x-frame-options': 'SAMEORIGIN', 'strict-transport-security': 'max-age=15552000; includeSubDomains', 'x-download-options': 'noopen', 'x-content-type-options': 'nosniff', 'x-xss-protection': '1; mode=block', 'content-type': 'application/json; charset=utf-8', 'X-Cloud-Trace-Context': '0f050bada51a71e2443be57b09bac0cb', 'Date': 'Thu, 23 May 2024 19:19:36 GMT', 'Server': 'Google Frontend', 'Content-Length': '148'} 
 body={
    "nome": "Fulano da Silva",
    "email": "RKHH@qa.com.br",
    "password": "1234",
    "administrador": "true",
    "_id": "cY2DGJyrqb6Q03Ij"
} 
 </msg>
<msg time="2024-05-23T16:19:11.809773" level="INFO">C:\Users\rodri\AppData\Local\Programs\Python\Python312\Lib\site-packages\urllib3\connectionpool.py:1103: InsecureRequestWarning: Unverified HTTPS request is being made to host 'serverest.dev'. Adding certificate verification is strongly advised. See: https://urllib3.readthedocs.io/en/latest/advanced-usage.html#tls-warnings
  warnings.warn(</msg>
<msg time="2024-05-23T16:19:11.810773" level="INFO">${resposta_consulta} = &lt;Response [200]&gt;</msg>
<var>${resposta_consulta}</var>
<arg>alias=ServeRest</arg>
<arg>url=/usuarios/${ID_USUARIO}</arg>
<doc>Sends a GET request on a previously created HTTP Session.</doc>
<status status="PASS" start="2024-05-23T16:19:11.656761" elapsed="0.154012"/>
</kw>
<kw name="Set Test Variable" owner="BuiltIn">
<msg time="2024-05-23T16:19:11.813773" level="INFO">${RESP_CONSULTA} = {'nome': 'Fulano da Silva', 'email': 'RKHH@qa.com.br', 'password': '1234', 'administrador': 'true', '_id': 'cY2DGJyrqb6Q03Ij'}</msg>
<arg>${RESP_CONSULTA}</arg>
<arg>${resposta_consulta.json()}</arg>
<doc>Makes a variable available everywhere within the scope of the current test.</doc>
<status status="PASS" start="2024-05-23T16:19:11.810773" elapsed="0.004001"/>
</kw>
<status status="PASS" start="2024-05-23T16:19:11.655761" elapsed="0.159013"/>
</kw>
<kw name="Conferir os dados retornados" owner="api_server_usuarios">
<kw name="Log" owner="BuiltIn">
<msg time="2024-05-23T16:19:11.816774" level="INFO">{'message': 'Cadastro realizado com sucesso', '_id': 'cY2DGJyrqb6Q03Ij'}</msg>
<arg>${RESPOSTA}</arg>
<doc>Logs the given message with the given level.</doc>
<status status="PASS" start="2024-05-23T16:19:11.816774" elapsed="0.001000"/>
</kw>
<kw name="Dictionary Should Contain Item" owner="Collections">
<msg time="2024-05-23T16:19:11.818774" level="INFO">False</msg>
<msg time="2024-05-23T16:19:11.818774" level="FAIL">Dictionary does not contain key 'nome'.</msg>
<arg>${RESPOSTA}</arg>
<arg>nome</arg>
<arg>Fulano da Silva</arg>
<doc>An item of ``key`` / ``value`` must be found in a ``dictionary``.</doc>
<status status="FAIL" start="2024-05-23T16:19:11.817774" elapsed="0.003005">Dictionary does not contain key 'nome'.</status>
</kw>
<kw name="Dictionary Should Contain Item" owner="Collections">
<arg>${RESPOSTA}</arg>
<arg>email</arg>
<arg>${EMAIL_TESTE}</arg>
<doc>An item of ``key`` / ``value`` must be found in a ``dictionary``.</doc>
<status status="NOT RUN" start="2024-05-23T16:19:11.821775" elapsed="0.000000"/>
</kw>
<kw name="Dictionary Should Contain Item" owner="Collections">
<arg>${RESPOSTA}</arg>
<arg>password</arg>
<arg>1234</arg>
<doc>An item of ``key`` / ``value`` must be found in a ``dictionary``.</doc>
<status status="NOT RUN" start="2024-05-23T16:19:11.821775" elapsed="0.001000"/>
</kw>
<kw name="Dictionary Should Contain Item" owner="Collections">
<arg>${RESPOSTA}</arg>
<arg>administrador</arg>
<arg>true</arg>
<doc>An item of ``key`` / ``value`` must be found in a ``dictionary``.</doc>
<status status="NOT RUN" start="2024-05-23T16:19:11.822775" elapsed="0.000000"/>
</kw>
<kw name="Dictionary Should Contain Item" owner="Collections">
<arg>${RESPOSTA}</arg>
<arg>_id</arg>
<arg>${ID_USUARIO}</arg>
<doc>An item of ``key`` / ``value`` must be found in a ``dictionary``.</doc>
<status status="NOT RUN" start="2024-05-23T16:19:11.823774" elapsed="0.000000"/>
</kw>
<status status="FAIL" start="2024-05-23T16:19:11.815774" elapsed="0.008000">Dictionary does not contain key 'nome'.</status>
</kw>
<status status="FAIL" start="2024-05-23T16:19:11.182722" elapsed="0.642053">Dictionary does not contain key 'nome'.</status>
</test>
<status status="FAIL" start="2024-05-23T16:19:10.443662" elapsed="1.384113"/>
</suite>
<statistics>
<total>
<stat pass="0" fail="1" skip="0">All Tests</stat>
</total>
<tag>
</tag>
<suite>
<stat pass="0" fail="1" skip="0" id="s1" name="Api Server Usuarios">Api Server Usuarios</stat>
</suite>
</statistics>
<errors>
</errors>
</robot>
